0 info it worked if it ends with ok
1 verbose cli [ '/Users/aakilfernandes/.nvm/versions/node/v0.12.7/bin/node',
1 verbose cli   '/Users/aakilfernandes/.nvm/versions/node/v0.12.7/bin/npm',
1 verbose cli   'update',
1 verbose cli   'embark-framework',
1 verbose cli   'grunt-embark' ]
2 info using npm@2.11.3
3 info using node@v0.12.7
4 info outdated updating [ [ '/Users/aakilfernandes/projects/dummymarket/dapp',
4 info outdated     'embark-framework',
4 info outdated     '1.0.2',
4 info outdated     'git',
4 info outdated     'git',
4 info outdated     'git+ssh://git@github.com/dummymarket/embark-framework.git#deploy' ],
4 info outdated   [ '/Users/aakilfernandes/projects/dummymarket/dapp',
4 info outdated     'grunt-embark',
4 info outdated     '0.5.1',
4 info outdated     'git',
4 info outdated     'git',
4 info outdated     'git+ssh://git@github.com/dummymarket/grunt-embark.git' ] ]
5 verbose install where, what [ '/Users/aakilfernandes/projects/dummymarket/dapp',
5 verbose install   [ 'git+ssh://git@github.com/dummymarket/embark-framework.git#deploy' ] ]
6 verbose install where, what [ '/Users/aakilfernandes/projects/dummymarket/dapp',
6 verbose install   [ 'git+ssh://git@github.com/dummymarket/grunt-embark.git' ] ]
7 verbose install initial load of /Users/aakilfernandes/projects/dummymarket/dapp/package.json
8 verbose install initial load of /Users/aakilfernandes/projects/dummymarket/dapp/package.json
9 verbose installManyTop reading scoped package data from /Users/aakilfernandes/projects/dummymarket/dapp/node_modules/compression/package.json
10 verbose installManyTop reading scoped package data from /Users/aakilfernandes/projects/dummymarket/dapp/node_modules/embark-framework/package.json
11 verbose installManyTop reading scoped package data from /Users/aakilfernandes/projects/dummymarket/dapp/node_modules/express/package.json
12 verbose installManyTop reading scoped package data from /Users/aakilfernandes/projects/dummymarket/dapp/node_modules/grunt/package.json
13 verbose installManyTop reading scoped package data from /Users/aakilfernandes/projects/dummymarket/dapp/node_modules/grunt-cli/package.json
14 verbose installManyTop reading scoped package data from /Users/aakilfernandes/projects/dummymarket/dapp/node_modules/grunt-contrib-clean/package.json
15 verbose installManyTop reading scoped package data from /Users/aakilfernandes/projects/dummymarket/dapp/node_modules/grunt-contrib-coffee/package.json
16 verbose installManyTop reading scoped package data from /Users/aakilfernandes/projects/dummymarket/dapp/node_modules/grunt-contrib-concat/package.json
17 verbose installManyTop reading scoped package data from /Users/aakilfernandes/projects/dummymarket/dapp/node_modules/grunt-contrib-copy/package.json
18 verbose installManyTop reading scoped package data from /Users/aakilfernandes/projects/dummymarket/dapp/node_modules/grunt-contrib-uglify/package.json
19 verbose installManyTop reading scoped package data from /Users/aakilfernandes/projects/dummymarket/dapp/node_modules/grunt-contrib-watch/package.json
20 verbose installManyTop reading scoped package data from /Users/aakilfernandes/projects/dummymarket/dapp/node_modules/grunt-embark/package.json
21 verbose installManyTop reading scoped package data from /Users/aakilfernandes/projects/dummymarket/dapp/node_modules/matchdep/package.json
22 verbose installManyTop reading scoped package data from /Users/aakilfernandes/projects/dummymarket/dapp/node_modules/read-yaml/package.json
23 verbose installManyTop reading scoped package data from /Users/aakilfernandes/projects/dummymarket/dapp/node_modules/web3/package.json
24 verbose installManyTop reading scoped package data from /Users/aakilfernandes/projects/dummymarket/dapp/node_modules/compression/package.json
25 verbose installManyTop reading scoped package data from /Users/aakilfernandes/projects/dummymarket/dapp/node_modules/embark-framework/package.json
26 verbose installManyTop reading scoped package data from /Users/aakilfernandes/projects/dummymarket/dapp/node_modules/express/package.json
27 verbose installManyTop reading scoped package data from /Users/aakilfernandes/projects/dummymarket/dapp/node_modules/grunt/package.json
28 verbose installManyTop reading scoped package data from /Users/aakilfernandes/projects/dummymarket/dapp/node_modules/grunt-cli/package.json
29 verbose installManyTop reading scoped package data from /Users/aakilfernandes/projects/dummymarket/dapp/node_modules/grunt-contrib-clean/package.json
30 verbose installManyTop reading scoped package data from /Users/aakilfernandes/projects/dummymarket/dapp/node_modules/grunt-contrib-coffee/package.json
31 verbose installManyTop reading scoped package data from /Users/aakilfernandes/projects/dummymarket/dapp/node_modules/grunt-contrib-concat/package.json
32 verbose installManyTop reading scoped package data from /Users/aakilfernandes/projects/dummymarket/dapp/node_modules/grunt-contrib-copy/package.json
33 verbose installManyTop reading scoped package data from /Users/aakilfernandes/projects/dummymarket/dapp/node_modules/grunt-contrib-uglify/package.json
34 verbose installManyTop reading scoped package data from /Users/aakilfernandes/projects/dummymarket/dapp/node_modules/grunt-contrib-watch/package.json
35 verbose installManyTop reading scoped package data from /Users/aakilfernandes/projects/dummymarket/dapp/node_modules/grunt-embark/package.json
36 verbose installManyTop reading scoped package data from /Users/aakilfernandes/projects/dummymarket/dapp/node_modules/matchdep/package.json
37 verbose installManyTop reading scoped package data from /Users/aakilfernandes/projects/dummymarket/dapp/node_modules/read-yaml/package.json
38 verbose installManyTop reading scoped package data from /Users/aakilfernandes/projects/dummymarket/dapp/node_modules/web3/package.json
39 verbose readDependencies loading dependencies from /Users/aakilfernandes/projects/dummymarket/dapp/package.json
40 verbose readDependencies loading dependencies from /Users/aakilfernandes/projects/dummymarket/dapp/package.json
41 silly cache add args [ 'git+ssh://git@github.com/dummymarket/embark-framework.git#deploy',
41 silly cache add   null ]
42 verbose cache add spec git+ssh://git@github.com/dummymarket/embark-framework.git#deploy
43 silly cache add args [ 'git+ssh://git@github.com/dummymarket/grunt-embark.git',
43 silly cache add   null ]
44 verbose cache add spec git+ssh://git@github.com/dummymarket/grunt-embark.git
45 silly cache add parsed spec { raw: 'git+ssh://git@github.com/dummymarket/embark-framework.git#deploy',
45 silly cache add   scope: null,
45 silly cache add   name: null,
45 silly cache add   rawSpec: 'git+ssh://git@github.com/dummymarket/embark-framework.git#deploy',
45 silly cache add   spec: 'git+ssh://git@github.com/dummymarket/embark-framework.git#deploy',
45 silly cache add   type: 'hosted',
45 silly cache add   hosted:
45 silly cache add    { type: 'github',
45 silly cache add      ssh: 'git@github.com:dummymarket/embark-framework.git#deploy',
45 silly cache add      sshUrl: 'git+ssh://git@github.com/dummymarket/embark-framework.git#deploy',
45 silly cache add      httpsUrl: 'git+https://github.com/dummymarket/embark-framework.git#deploy',
45 silly cache add      gitUrl: 'git://github.com/dummymarket/embark-framework.git#deploy',
45 silly cache add      shortcut: 'github:dummymarket/embark-framework#deploy',
45 silly cache add      directUrl: 'https://raw.githubusercontent.com/dummymarket/embark-framework/deploy/package.json' } }
46 verbose addRemoteGit caching git+ssh://git@github.com/dummymarket/embark-framework.git#deploy
47 verbose addRemoteGit git+ssh://git@github.com/dummymarket/embark-framework.git#deploy is a repository hosted by github
48 silly tryClone cloning git+ssh://git@github.com/dummymarket/embark-framework.git#deploy via git+ssh://git@github.com/dummymarket/embark-framework.git#deploy
49 verbose tryClone ssh-git-github-com-dummymarket-embark-framework-git-d87911fd not in flight; caching
50 silly cache add parsed spec { raw: 'git+ssh://git@github.com/dummymarket/grunt-embark.git',
50 silly cache add   scope: null,
50 silly cache add   name: null,
50 silly cache add   rawSpec: 'git+ssh://git@github.com/dummymarket/grunt-embark.git',
50 silly cache add   spec: 'git+ssh://git@github.com/dummymarket/grunt-embark.git',
50 silly cache add   type: 'hosted',
50 silly cache add   hosted:
50 silly cache add    { type: 'github',
50 silly cache add      ssh: 'git@github.com:dummymarket/grunt-embark.git',
50 silly cache add      sshUrl: 'git+ssh://git@github.com/dummymarket/grunt-embark.git',
50 silly cache add      httpsUrl: 'git+https://github.com/dummymarket/grunt-embark.git',
50 silly cache add      gitUrl: 'git://github.com/dummymarket/grunt-embark.git',
50 silly cache add      shortcut: 'github:dummymarket/grunt-embark',
50 silly cache add      directUrl: 'https://raw.githubusercontent.com/dummymarket/grunt-embark/master/package.json' } }
51 verbose addRemoteGit caching git+ssh://git@github.com/dummymarket/grunt-embark.git
52 verbose addRemoteGit git+ssh://git@github.com/dummymarket/grunt-embark.git is a repository hosted by github
53 silly tryClone cloning git+ssh://git@github.com/dummymarket/grunt-embark.git via git+ssh://git@github.com/dummymarket/grunt-embark.git
54 verbose tryClone ssh-git-github-com-dummymarket-grunt-embark-git-23301223 not in flight; caching
55 info git [ 'clone',
55 info git   '--template=/Users/aakilfernandes/.npm/_git-remotes/_templates',
55 info git   '--mirror',
55 info git   'ssh://git@github.com/dummymarket/embark-framework.git',
55 info git   '/Users/aakilfernandes/.npm/_git-remotes/ssh-git-github-com-dummymarket-embark-framework-git-d87911fd' ]
56 info git [ 'clone',
56 info git   '--template=/Users/aakilfernandes/.npm/_git-remotes/_templates',
56 info git   '--mirror',
56 info git   'ssh://git@github.com/dummymarket/grunt-embark.git',
56 info git   '/Users/aakilfernandes/.npm/_git-remotes/ssh-git-github-com-dummymarket-grunt-embark-git-23301223' ]
57 verbose mirrorRemote git+ssh://git@github.com/dummymarket/grunt-embark.git git clone ssh://git@github.com/dummymarket/grunt-embark.git
58 verbose setPermissions git+ssh://git@github.com/dummymarket/grunt-embark.git set permissions on /Users/aakilfernandes/.npm/_git-remotes/ssh-git-github-com-dummymarket-grunt-embark-git-23301223
59 verbose resolveHead git+ssh://git@github.com/dummymarket/grunt-embark.git original treeish: master
60 info git [ 'rev-list', '-n1', 'master' ]
61 silly resolveHead git+ssh://git@github.com/dummymarket/grunt-embark.git resolved treeish: 9313dc12c15db2c5120e7c2e4430fcc5a8451ef1
62 verbose resolveHead git+ssh://git@github.com/dummymarket/grunt-embark.git resolved Git URL: git+ssh://git@github.com/dummymarket/grunt-embark.git#9313dc12c15db2c5120e7c2e4430fcc5a8451ef1
63 silly resolveHead Git working directory: /var/folders/6c/yp051bjn7p10s961cbw_859m0000gn/T/npm-18588-243e6c9e/git-cache-761dd39091b3/9313dc12c15db2c5120e7c2e4430fcc5a8451ef1
64 info git [ 'clone',
64 info git   '/Users/aakilfernandes/.npm/_git-remotes/ssh-git-github-com-dummymarket-grunt-embark-git-23301223',
64 info git   '/var/folders/6c/yp051bjn7p10s961cbw_859m0000gn/T/npm-18588-243e6c9e/git-cache-761dd39091b3/9313dc12c15db2c5120e7c2e4430fcc5a8451ef1' ]
65 verbose cloneResolved git+ssh://git@github.com/dummymarket/grunt-embark.git clone Cloning into '/var/folders/6c/yp051bjn7p10s961cbw_859m0000gn/T/npm-18588-243e6c9e/git-cache-761dd39091b3/9313dc12c15db2c5120e7c2e4430fcc5a8451ef1'...
65 verbose cloneResolved done.
66 info git [ 'checkout', '9313dc12c15db2c5120e7c2e4430fcc5a8451ef1' ]
67 verbose checkoutTreeish git+ssh://git@github.com/dummymarket/grunt-embark.git checkout Note: checking out '9313dc12c15db2c5120e7c2e4430fcc5a8451ef1'.
67 verbose checkoutTreeish
67 verbose checkoutTreeish You are in 'detached HEAD' state. You can look around, make experimental
67 verbose checkoutTreeish changes and commit them, and you can discard any commits you make in this
67 verbose checkoutTreeish state without impacting any branches by performing another checkout.
67 verbose checkoutTreeish
67 verbose checkoutTreeish If you want to create a new branch to retain commits you create, you may
67 verbose checkoutTreeish do so (now or later) by using -b with the checkout command again. Example:
67 verbose checkoutTreeish
67 verbose checkoutTreeish   git checkout -b new_branch_name
67 verbose checkoutTreeish
67 verbose checkoutTreeish HEAD is now at 9313dc1... use dummymarket git
68 verbose addLocalDirectory /Users/aakilfernandes/.npm/grunt-embark/0.5.1/package.tgz not in flight; packing
69 verbose tar pack [ '/Users/aakilfernandes/.npm/grunt-embark/0.5.1/package.tgz',
69 verbose tar pack   '/var/folders/6c/yp051bjn7p10s961cbw_859m0000gn/T/npm-18588-243e6c9e/git-cache-761dd39091b3/9313dc12c15db2c5120e7c2e4430fcc5a8451ef1' ]
70 verbose tarball /Users/aakilfernandes/.npm/grunt-embark/0.5.1/package.tgz
71 verbose folder /var/folders/6c/yp051bjn7p10s961cbw_859m0000gn/T/npm-18588-243e6c9e/git-cache-761dd39091b3/9313dc12c15db2c5120e7c2e4430fcc5a8451ef1
72 verbose addLocalTarball adding from inside cache /Users/aakilfernandes/.npm/grunt-embark/0.5.1/package.tgz
73 verbose addRemoteGit data._from: git+ssh://git@github.com/dummymarket/grunt-embark.git
74 verbose addRemoteGit data._resolved: git+ssh://git@github.com/dummymarket/grunt-embark.git#9313dc12c15db2c5120e7c2e4430fcc5a8451ef1
75 silly cache afterAdd grunt-embark@0.5.1
76 verbose afterAdd /Users/aakilfernandes/.npm/grunt-embark/0.5.1/package/package.json not in flight; writing
77 verbose afterAdd /Users/aakilfernandes/.npm/grunt-embark/0.5.1/package/package.json written
78 silly install resolved [ { name: 'grunt-embark',
78 silly install resolved     version: '0.5.1',
78 silly install resolved     description: 'grunt plugin for [Embark](https://github.com/iurimatias/embark-framework) - DApp Framework for Ethereum',
78 silly install resolved     main: 'Gruntfile.js',
78 silly install resolved     scripts: { test: 'echo "Error: no test specified" && exit 1' },
78 silly install resolved     author: '',
78 silly install resolved     license: 'ISC',
78 silly install resolved     homepage: '',
78 silly install resolved     dependencies:
78 silly install resolved      { 'embark-framework': 'git+ssh://git@github.com/dummymarket/embark-framework.git#deploy',
78 silly install resolved        'grunt-contrib-clean': '^0.6.0',
78 silly install resolved        'grunt-contrib-coffee': '^0.13.0',
78 silly install resolved        'grunt-contrib-concat': '^0.5.1',
78 silly install resolved        'grunt-contrib-copy': '^0.8.0',
78 silly install resolved        'grunt-contrib-uglify': '^0.9.1',
78 silly install resolved        'grunt-contrib-watch': '^0.6.1',
78 silly install resolved        grunt: '^0.4.5',
78 silly install resolved        'grunt-cli': '^0.1.13',
78 silly install resolved        matchdep: '^0.3.0' },
78 silly install resolved     gitHead: '9313dc12c15db2c5120e7c2e4430fcc5a8451ef1',
78 silly install resolved     readme: '# grunt-embark\ngrunt plugin for [Embark](https://github.com/iurimatias/embark-framework) - DApp Framework for Ethereum\n\n## Getting Started\nFrom the same directory as your project\'s Gruntfile and package.json, install\nthis plugin with the following command:\n\n```bash\n$ npm install embark-framework --save-dev\n$ npm install grunt-embark --save-dev\n```\n\nOnce that\'s done, add this line to your project\'s Gruntfile:\n\n```js\ngrunt.loadNpmTasks(\'grunt-embark\');\n```\n\n## Config\nInside your `Gruntfile.js` file, add a section named `deploy`, containing\nthe fields `contracts` and `dest`.\n\n### Here\'s an example that deploys contracts and generates the js client file\n\n```js\ndeploy: {\n  contracts: ["app/contracts/**/*.sol"],\n  dest: "embark_client.js"\n}\n```\n',
78 silly install resolved     readmeFilename: 'README.md',
78 silly install resolved     _id: 'grunt-embark@0.5.1',
78 silly install resolved     _shasum: '49fac9a4e7b39deeb6ead315a8d0c1b78fceca96',
78 silly install resolved     _from: 'git+ssh://git@github.com/dummymarket/grunt-embark.git',
78 silly install resolved     _resolved: 'git+ssh://git@github.com/dummymarket/grunt-embark.git#9313dc12c15db2c5120e7c2e4430fcc5a8451ef1' } ]
79 info install grunt-embark@0.5.1 into /Users/aakilfernandes/projects/dummymarket/dapp
80 info installOne grunt-embark@0.5.1
81 verbose installOne of grunt-embark to /Users/aakilfernandes/projects/dummymarket/dapp not in flight; installing
82 verbose lock using /Users/aakilfernandes/.npm/_locks/grunt-embark-9953362d1a32e709.lock for /Users/aakilfernandes/projects/dummymarket/dapp/node_modules/grunt-embark
83 silly install write writing grunt-embark 0.5.1 to /Users/aakilfernandes/projects/dummymarket/dapp/node_modules/grunt-embark
84 verbose unbuild node_modules/grunt-embark
85 info preuninstall grunt-embark@0.5.1
86 info uninstall grunt-embark@0.5.1
87 verbose unbuild rmStuff grunt-embark@0.5.1 from /Users/aakilfernandes/projects/dummymarket/dapp/node_modules
88 info postuninstall grunt-embark@0.5.1
89 silly gentlyRm /Users/aakilfernandes/projects/dummymarket/dapp/node_modules/grunt-embark is being purged from base /Users/aakilfernandes/projects/dummymarket/dapp
90 verbose gentlyRm don't care about contents; nuking /Users/aakilfernandes/projects/dummymarket/dapp/node_modules/grunt-embark
91 silly vacuum-fs purging /Users/aakilfernandes/projects/dummymarket/dapp/node_modules/grunt-embark
92 verbose mirrorRemote git+ssh://git@github.com/dummymarket/embark-framework.git#deploy git clone ssh://git@github.com/dummymarket/embark-framework.git
93 verbose setPermissions git+ssh://git@github.com/dummymarket/embark-framework.git#deploy set permissions on /Users/aakilfernandes/.npm/_git-remotes/ssh-git-github-com-dummymarket-embark-framework-git-d87911fd
94 verbose resolveHead git+ssh://git@github.com/dummymarket/embark-framework.git#deploy original treeish: deploy
95 info git [ 'rev-list', '-n1', 'deploy' ]
96 error git rev-list -n1 deploy: fatal: ambiguous argument 'deploy': unknown revision or path not in the working tree.
96 error git rev-list -n1 deploy: Use '--' to separate paths from revisions, like this:
96 error git rev-list -n1 deploy: 'git <command> [<revision>...] -- [<file>...]'
97 silly vacuum-fs quitting because other entries in /Users/aakilfernandes/projects/dummymarket/dapp/node_modules
98 verbose tar unpack /Users/aakilfernandes/.npm/grunt-embark/0.5.1/package.tgz
99 verbose tar unpacking to /Users/aakilfernandes/projects/dummymarket/dapp/node_modules/grunt-embark
100 silly gentlyRm /Users/aakilfernandes/projects/dummymarket/dapp/node_modules/grunt-embark is being purged
101 verbose gentlyRm don't care about contents; nuking /Users/aakilfernandes/projects/dummymarket/dapp/node_modules/grunt-embark
102 silly gunzTarPerm modes [ '755', '644' ]
103 silly gunzTarPerm extractEntry package.json
104 silly gunzTarPerm extractEntry README.md
105 silly gunzTarPerm extractEntry LICENSE
106 silly gunzTarPerm extractEntry Gruntfile.coffee
107 silly gunzTarPerm extractEntry tasks/blockchain.coffee
108 silly gunzTarPerm extractEntry tasks/deploy.coffee
109 silly gunzTarPerm extractEntry tasks/ipfs.coffee
110 verbose write writing to /Users/aakilfernandes/projects/dummymarket/dapp/node_modules/grunt-embark/package.json
111 info preinstall grunt-embark@0.5.1
112 verbose readDependencies loading dependencies from /Users/aakilfernandes/projects/dummymarket/dapp/node_modules/grunt-embark/package.json
113 silly prepareForInstallMany adding embark-framework@git+ssh://git@github.com/dummymarket/embark-framework.git#deploy from grunt-embark dependencies
114 verbose readDependencies loading dependencies from /Users/aakilfernandes/projects/dummymarket/dapp/node_modules/grunt-embark/package.json
115 silly cache add args [ 'embark-framework@git+ssh://git@github.com/dummymarket/embark-framework.git#deploy',
115 silly cache add   null ]
116 verbose cache add spec embark-framework@git+ssh://git@github.com/dummymarket/embark-framework.git#deploy
117 silly cache add parsed spec { raw: 'embark-framework@git+ssh://git@github.com/dummymarket/embark-framework.git#deploy',
117 silly cache add   scope: null,
117 silly cache add   name: 'embark-framework',
117 silly cache add   rawSpec: 'git+ssh://git@github.com/dummymarket/embark-framework.git#deploy',
117 silly cache add   spec: 'git+ssh://git@github.com/dummymarket/embark-framework.git#deploy',
117 silly cache add   type: 'hosted',
117 silly cache add   hosted:
117 silly cache add    { type: 'github',
117 silly cache add      ssh: 'git@github.com:dummymarket/embark-framework.git#deploy',
117 silly cache add      sshUrl: 'git+ssh://git@github.com/dummymarket/embark-framework.git#deploy',
117 silly cache add      httpsUrl: 'git+https://github.com/dummymarket/embark-framework.git#deploy',
117 silly cache add      gitUrl: 'git://github.com/dummymarket/embark-framework.git#deploy',
117 silly cache add      shortcut: 'github:dummymarket/embark-framework#deploy',
117 silly cache add      directUrl: 'https://raw.githubusercontent.com/dummymarket/embark-framework/deploy/package.json' } }
118 verbose addRemoteGit caching git+ssh://git@github.com/dummymarket/embark-framework.git#deploy
119 verbose addRemoteGit git+ssh://git@github.com/dummymarket/embark-framework.git#deploy is a repository hosted by github
120 silly tryClone cloning git+ssh://git@github.com/dummymarket/embark-framework.git#deploy via git+ssh://git@github.com/dummymarket/embark-framework.git#deploy
121 verbose tryClone ssh-git-github-com-dummymarket-embark-framework-git-d87911fd not in flight; caching
122 info git [ 'config', '--get', 'remote.origin.url' ]
123 silly validateExistingRemote git+ssh://git@github.com/dummymarket/embark-framework.git#deploy remote.origin.url: ssh://git@github.com/dummymarket/embark-framework.git
124 verbose validateExistingRemote git+ssh://git@github.com/dummymarket/embark-framework.git#deploy is updating existing cached remote /Users/aakilfernandes/.npm/_git-remotes/ssh-git-github-com-dummymarket-embark-framework-git-d87911fd
125 info git [ 'fetch', '-a', 'origin' ]
126 verbose updateRemote git fetch -a origin (ssh://git@github.com/dummymarket/embark-framework.git)
127 verbose setPermissions git+ssh://git@github.com/dummymarket/embark-framework.git#deploy set permissions on /Users/aakilfernandes/.npm/_git-remotes/ssh-git-github-com-dummymarket-embark-framework-git-d87911fd
128 verbose resolveHead git+ssh://git@github.com/dummymarket/embark-framework.git#deploy original treeish: deploy
129 info git [ 'rev-list', '-n1', 'deploy' ]
130 error git rev-list -n1 deploy: fatal: ambiguous argument 'deploy': unknown revision or path not in the working tree.
130 error git rev-list -n1 deploy: Use '--' to separate paths from revisions, like this:
130 error git rev-list -n1 deploy: 'git <command> [<revision>...] -- [<file>...]'
131 verbose about to build /Users/aakilfernandes/projects/dummymarket/dapp/node_modules/grunt-embark
132 verbose unlock done using /Users/aakilfernandes/.npm/_locks/grunt-embark-9953362d1a32e709.lock for /Users/aakilfernandes/projects/dummymarket/dapp/node_modules/grunt-embark
133 verbose stack Error: Command failed: git rev-list -n1 deploy
133 verbose stack fatal: ambiguous argument 'deploy': unknown revision or path not in the working tree.
133 verbose stack Use '--' to separate paths from revisions, like this:
133 verbose stack 'git <command> [<revision>...] -- [<file>...]'
133 verbose stack
133 verbose stack     at ChildProcess.exithandler (child_process.js:751:12)
133 verbose stack     at ChildProcess.emit (events.js:110:17)
133 verbose stack     at maybeClose (child_process.js:1015:16)
133 verbose stack     at Socket.<anonymous> (child_process.js:1183:11)
133 verbose stack     at Socket.emit (events.js:107:17)
133 verbose stack     at Pipe.close (net.js:485:12)
134 verbose cwd /Users/aakilfernandes/projects/dummymarket/dapp
135 error Darwin 14.5.0
136 error argv "/Users/aakilfernandes/.nvm/versions/node/v0.12.7/bin/node" "/Users/aakilfernandes/.nvm/versions/node/v0.12.7/bin/npm" "update" "embark-framework" "grunt-embark"
137 error node v0.12.7
138 error npm  v2.11.3
139 error code 128
140 error Command failed: git rev-list -n1 deploy
140 error fatal: ambiguous argument 'deploy': unknown revision or path not in the working tree.
140 error Use '--' to separate paths from revisions, like this:
140 error 'git <command> [<revision>...] -- [<file>...]'
141 error If you need help, you may report this error at:
141 error     <https://github.com/npm/npm/issues>
142 verbose exit [ 1, true ]
143 verbose unbuild node_modules/grunt-embark
144 info preuninstall grunt-embark@0.5.1
145 info uninstall grunt-embark@0.5.1
146 verbose unbuild rmStuff grunt-embark@0.5.1 from /Users/aakilfernandes/projects/dummymarket/dapp/node_modules
147 info postuninstall grunt-embark@0.5.1
148 silly gentlyRm /Users/aakilfernandes/projects/dummymarket/dapp/node_modules/grunt-embark is being purged from base /Users/aakilfernandes/projects/dummymarket/dapp
149 verbose gentlyRm don't care about contents; nuking /Users/aakilfernandes/projects/dummymarket/dapp/node_modules/grunt-embark
150 silly vacuum-fs purging /Users/aakilfernandes/projects/dummymarket/dapp/node_modules/grunt-embark
151 silly vacuum-fs quitting because other entries in /Users/aakilfernandes/projects/dummymarket/dapp/node_modules
